-------------------------------------------------------------------------------
Test set: repository.CategoriaRepositoryTest
-------------------------------------------------------------------------------
Tests run: 5, Failures: 1, Errors: 4, Skipped: 0, Time elapsed: 0.295 s <<< FAILURE! -- in repository.CategoriaRepositoryTest
repository.CategoriaRepositoryTest.deveSalvarEListarCategoria -- Time elapsed: 0.249 s <<< ERROR!
java.lang.RuntimeException: Erro ao verificar duplicidade: [SQLITE_ERROR] SQL error or missing database (no such table: categorias)
	at com.controlefinanceiro@1.0.0/repository.CategoriaRepository.verificarDuplicado(CategoriaRepository.java:73)
	at com.controlefinanceiro@1.0.0/repository.CategoriaRepository.salvar(CategoriaRepository.java:13)
	at com.controlefinanceiro@1.0.0/repository.CategoriaRepositoryTest.deveSalvarEListarCategoria(CategoriaRepositoryTest.java:22)
	at java.base/java.lang.reflect.Method.invoke(Method.java:577)
	at java.base/java.util.ArrayList.forEach(ArrayList.java:1511)
	at java.base/java.util.ArrayList.forEach(ArrayList.java:1511)
Caused by: org.sqlite.SQLiteException: [SQLITE_ERROR] SQL error or missing database (no such table: categorias)
	at org.xerial.sqlitejdbc@3.47.1.0/org.sqlite.core.DB.newSQLException(DB.java:1179)
	at org.xerial.sqlitejdbc@3.47.1.0/org.sqlite.core.DB.newSQLException(DB.java:1190)
	at org.xerial.sqlitejdbc@3.47.1.0/org.sqlite.core.DB.throwex(DB.java:1150)
	at org.xerial.sqlitejdbc@3.47.1.0/org.sqlite.core.NativeDB.prepare_utf8(Native Method)
	at org.xerial.sqlitejdbc@3.47.1.0/org.sqlite.core.NativeDB.prepare(NativeDB.java:135)
	at org.xerial.sqlitejdbc@3.47.1.0/org.sqlite.core.DB.prepare(DB.java:264)
	at org.xerial.sqlitejdbc@3.47.1.0/org.sqlite.core.CorePreparedStatement.<init>(CorePreparedStatement.java:46)
	at org.xerial.sqlitejdbc@3.47.1.0/org.sqlite.jdbc3.JDBC3PreparedStatement.<init>(JDBC3PreparedStatement.java:32)
	at org.xerial.sqlitejdbc@3.47.1.0/org.sqlite.jdbc4.JDBC4PreparedStatement.<init>(JDBC4PreparedStatement.java:25)
	at org.xerial.sqlitejdbc@3.47.1.0/org.sqlite.jdbc4.JDBC4Connection.prepareStatement(JDBC4Connection.java:34)
	at org.xerial.sqlitejdbc@3.47.1.0/org.sqlite.jdbc3.JDBC3Connection.prepareStatement(JDBC3Connection.java:225)
	at org.xerial.sqlitejdbc@3.47.1.0/org.sqlite.jdbc3.JDBC3Connection.prepareStatement(JDBC3Connection.java:205)
	at com.controlefinanceiro@1.0.0/repository.CategoriaRepository.verificarDuplicado(CategoriaRepository.java:64)
	... 5 more

repository.CategoriaRepositoryTest.deveConterCategoriasDefault -- Time elapsed: 0.004 s <<< ERROR!
java.lang.RuntimeException: Erro ao listar categorias: [SQLITE_ERROR] SQL error or missing database (no such table: categorias)
	at com.controlefinanceiro@1.0.0/repository.CategoriaRepository.listarTodos(CategoriaRepository.java:42)
	at com.controlefinanceiro@1.0.0/repository.CategoriaRepositoryTest.deveConterCategoriasDefault(CategoriaRepositoryTest.java:30)
	at java.base/java.lang.reflect.Method.invoke(Method.java:577)
	at java.base/java.util.ArrayList.forEach(ArrayList.java:1511)
	at java.base/java.util.ArrayList.forEach(ArrayList.java:1511)
Caused by: org.sqlite.SQLiteException: [SQLITE_ERROR] SQL error or missing database (no such table: categorias)
	at org.xerial.sqlitejdbc@3.47.1.0/org.sqlite.core.DB.newSQLException(DB.java:1179)
	at org.xerial.sqlitejdbc@3.47.1.0/org.sqlite.core.DB.newSQLException(DB.java:1190)
	at org.xerial.sqlitejdbc@3.47.1.0/org.sqlite.core.DB.throwex(DB.java:1150)
	at org.xerial.sqlitejdbc@3.47.1.0/org.sqlite.core.NativeDB.prepare_utf8(Native Method)
	at org.xerial.sqlitejdbc@3.47.1.0/org.sqlite.core.NativeDB.prepare(NativeDB.java:135)
	at org.xerial.sqlitejdbc@3.47.1.0/org.sqlite.core.DB.prepare(DB.java:264)
	at org.xerial.sqlitejdbc@3.47.1.0/org.sqlite.jdbc3.JDBC3Statement.lambda$executeQuery$1(JDBC3Statement.java:87)
	at org.xerial.sqlitejdbc@3.47.1.0/org.sqlite.jdbc3.JDBC3Statement.withConnectionTimeout(JDBC3Statement.java:458)
	at org.xerial.sqlitejdbc@3.47.1.0/org.sqlite.jdbc3.JDBC3Statement.executeQuery(JDBC3Statement.java:85)
	at com.controlefinanceiro@1.0.0/repository.CategoriaRepository.listarTodos(CategoriaRepository.java:39)
	... 4 more

repository.CategoriaRepositoryTest.deveRejeitarDuplicadaCaseInsensitive -- Time elapsed: 0.009 s <<< FAILURE!
org.opentest4j.AssertionFailedError: expected: <true> but was: <false>
	at org.junit.jupiter.api.AssertionFailureBuilder.build(AssertionFailureBuilder.java:151)
	at org.junit.jupiter.api.AssertionFailureBuilder.buildAndThrow(AssertionFailureBuilder.java:132)
	at org.junit.jupiter.api.AssertTrue.failNotTrue(AssertTrue.java:63)
	at org.junit.jupiter.api.AssertTrue.assertTrue(AssertTrue.java:36)
	at org.junit.jupiter.api.AssertTrue.assertTrue(AssertTrue.java:31)
	at org.junit.jupiter.api.Assertions.assertTrue(Assertions.java:183)
	at com.controlefinanceiro@1.0.0/repository.CategoriaRepositoryTest.deveRejeitarDuplicadaCaseInsensitive(CategoriaRepositoryTest.java:41)
	at java.base/java.lang.reflect.Method.invoke(Method.java:577)
	at java.base/java.util.ArrayList.forEach(ArrayList.java:1511)
	at java.base/java.util.ArrayList.forEach(ArrayList.java:1511)

repository.CategoriaRepositoryTest.deveAtualizarCategoria -- Time elapsed: 0.003 s <<< ERROR!
java.lang.RuntimeException: Erro ao verificar duplicidade: [SQLITE_ERROR] SQL error or missing database (no such table: categorias)
	at com.controlefinanceiro@1.0.0/repository.CategoriaRepository.verificarDuplicado(CategoriaRepository.java:73)
	at com.controlefinanceiro@1.0.0/repository.CategoriaRepository.salvar(CategoriaRepository.java:13)
	at com.controlefinanceiro@1.0.0/repository.CategoriaRepositoryTest.deveAtualizarCategoria(CategoriaRepositoryTest.java:47)
	at java.base/java.lang.reflect.Method.invoke(Method.java:577)
	at java.base/java.util.ArrayList.forEach(ArrayList.java:1511)
	at java.base/java.util.ArrayList.forEach(ArrayList.java:1511)
Caused by: org.sqlite.SQLiteException: [SQLITE_ERROR] SQL error or missing database (no such table: categorias)
	at org.xerial.sqlitejdbc@3.47.1.0/org.sqlite.core.DB.newSQLException(DB.java:1179)
	at org.xerial.sqlitejdbc@3.47.1.0/org.sqlite.core.DB.newSQLException(DB.java:1190)
	at org.xerial.sqlitejdbc@3.47.1.0/org.sqlite.core.DB.throwex(DB.java:1150)
	at org.xerial.sqlitejdbc@3.47.1.0/org.sqlite.core.NativeDB.prepare_utf8(Native Method)
	at org.xerial.sqlitejdbc@3.47.1.0/org.sqlite.core.NativeDB.prepare(NativeDB.java:135)
	at org.xerial.sqlitejdbc@3.47.1.0/org.sqlite.core.DB.prepare(DB.java:264)
	at org.xerial.sqlitejdbc@3.47.1.0/org.sqlite.core.CorePreparedStatement.<init>(CorePreparedStatement.java:46)
	at org.xerial.sqlitejdbc@3.47.1.0/org.sqlite.jdbc3.JDBC3PreparedStatement.<init>(JDBC3PreparedStatement.java:32)
	at org.xerial.sqlitejdbc@3.47.1.0/org.sqlite.jdbc4.JDBC4PreparedStatement.<init>(JDBC4PreparedStatement.java:25)
	at org.xerial.sqlitejdbc@3.47.1.0/org.sqlite.jdbc4.JDBC4Connection.prepareStatement(JDBC4Connection.java:34)
	at org.xerial.sqlitejdbc@3.47.1.0/org.sqlite.jdbc3.JDBC3Connection.prepareStatement(JDBC3Connection.java:225)
	at org.xerial.sqlitejdbc@3.47.1.0/org.sqlite.jdbc3.JDBC3Connection.prepareStatement(JDBC3Connection.java:205)
	at com.controlefinanceiro@1.0.0/repository.CategoriaRepository.verificarDuplicado(CategoriaRepository.java:64)
	... 5 more

repository.CategoriaRepositoryTest.deveExcluirCategoriaSeVinculada -- Time elapsed: 0.003 s <<< ERROR!
java.lang.RuntimeException: Erro ao verificar duplicidade: [SQLITE_ERROR] SQL error or missing database (no such table: categorias)
	at com.controlefinanceiro@1.0.0/repository.CategoriaRepository.verificarDuplicado(CategoriaRepository.java:73)
	at com.controlefinanceiro@1.0.0/repository.CategoriaRepository.salvar(CategoriaRepository.java:13)
	at com.controlefinanceiro@1.0.0/repository.CategoriaRepositoryTest.deveExcluirCategoriaSeVinculada(CategoriaRepositoryTest.java:59)
	at java.base/java.lang.reflect.Method.invoke(Method.java:577)
	at java.base/java.util.ArrayList.forEach(ArrayList.java:1511)
	at java.base/java.util.ArrayList.forEach(ArrayList.java:1511)
Caused by: org.sqlite.SQLiteException: [SQLITE_ERROR] SQL error or missing database (no such table: categorias)
	at org.xerial.sqlitejdbc@3.47.1.0/org.sqlite.core.DB.newSQLException(DB.java:1179)
	at org.xerial.sqlitejdbc@3.47.1.0/org.sqlite.core.DB.newSQLException(DB.java:1190)
	at org.xerial.sqlitejdbc@3.47.1.0/org.sqlite.core.DB.throwex(DB.java:1150)
	at org.xerial.sqlitejdbc@3.47.1.0/org.sqlite.core.NativeDB.prepare_utf8(Native Method)
	at org.xerial.sqlitejdbc@3.47.1.0/org.sqlite.core.NativeDB.prepare(NativeDB.java:135)
	at org.xerial.sqlitejdbc@3.47.1.0/org.sqlite.core.DB.prepare(DB.java:264)
	at org.xerial.sqlitejdbc@3.47.1.0/org.sqlite.core.CorePreparedStatement.<init>(CorePreparedStatement.java:46)
	at org.xerial.sqlitejdbc@3.47.1.0/org.sqlite.jdbc3.JDBC3PreparedStatement.<init>(JDBC3PreparedStatement.java:32)
	at org.xerial.sqlitejdbc@3.47.1.0/org.sqlite.jdbc4.JDBC4PreparedStatement.<init>(JDBC4PreparedStatement.java:25)
	at org.xerial.sqlitejdbc@3.47.1.0/org.sqlite.jdbc4.JDBC4Connection.prepareStatement(JDBC4Connection.java:34)
	at org.xerial.sqlitejdbc@3.47.1.0/org.sqlite.jdbc3.JDBC3Connection.prepareStatement(JDBC3Connection.java:225)
	at org.xerial.sqlitejdbc@3.47.1.0/org.sqlite.jdbc3.JDBC3Connection.prepareStatement(JDBC3Connection.java:205)
	at com.controlefinanceiro@1.0.0/repository.CategoriaRepository.verificarDuplicado(CategoriaRepository.java:64)
	... 5 more

