-------------------------------------------------------------------------------
Test set: repository.LancamentoFixoRepositoryTest
-------------------------------------------------------------------------------
Tests run: 6, Failures: 0, Errors: 6, Skipped: 0, Time elapsed: 0.026 s <<< FAILURE! -- in repository.LancamentoFixoRepositoryTest
repository.LancamentoFixoRepositoryTest.deveSalvarEListar -- Time elapsed: 0.005 s <<< ERROR!
java.lang.RuntimeException: Erro ao verificar duplicidade: [SQLITE_ERROR] SQL error or missing database (no such table: contas)
	at com.controlefinanceiro@1.0.0/repository.ContaRepository.verificarDuplicado(ContaRepository.java:76)
	at com.controlefinanceiro@1.0.0/repository.ContaRepository.salvar(ContaRepository.java:13)
	at com.controlefinanceiro@1.0.0/repository.LancamentoFixoRepositoryTest.setUp(LancamentoFixoRepositoryTest.java:21)
	at java.base/java.lang.reflect.Method.invoke(Method.java:577)
	at java.base/java.util.ArrayList.forEach(ArrayList.java:1511)
	at java.base/java.util.ArrayList.forEach(ArrayList.java:1511)
Caused by: org.sqlite.SQLiteException: [SQLITE_ERROR] SQL error or missing database (no such table: contas)
	at org.xerial.sqlitejdbc@3.47.1.0/org.sqlite.core.DB.newSQLException(DB.java:1179)
	at org.xerial.sqlitejdbc@3.47.1.0/org.sqlite.core.DB.newSQLException(DB.java:1190)
	at org.xerial.sqlitejdbc@3.47.1.0/org.sqlite.core.DB.throwex(DB.java:1150)
	at org.xerial.sqlitejdbc@3.47.1.0/org.sqlite.core.NativeDB.prepare_utf8(Native Method)
	at org.xerial.sqlitejdbc@3.47.1.0/org.sqlite.core.NativeDB.prepare(NativeDB.java:135)
	at org.xerial.sqlitejdbc@3.47.1.0/org.sqlite.core.DB.prepare(DB.java:264)
	at org.xerial.sqlitejdbc@3.47.1.0/org.sqlite.core.CorePreparedStatement.<init>(CorePreparedStatement.java:46)
	at org.xerial.sqlitejdbc@3.47.1.0/org.sqlite.jdbc3.JDBC3PreparedStatement.<init>(JDBC3PreparedStatement.java:32)
	at org.xerial.sqlitejdbc@3.47.1.0/org.sqlite.jdbc4.JDBC4PreparedStatement.<init>(JDBC4PreparedStatement.java:25)
	at org.xerial.sqlitejdbc@3.47.1.0/org.sqlite.jdbc4.JDBC4Connection.prepareStatement(JDBC4Connection.java:34)
	at org.xerial.sqlitejdbc@3.47.1.0/org.sqlite.jdbc3.JDBC3Connection.prepareStatement(JDBC3Connection.java:225)
	at org.xerial.sqlitejdbc@3.47.1.0/org.sqlite.jdbc3.JDBC3Connection.prepareStatement(JDBC3Connection.java:205)
	at com.controlefinanceiro@1.0.0/repository.ContaRepository.verificarDuplicado(ContaRepository.java:67)
	... 5 more

repository.LancamentoFixoRepositoryTest.deveListarAtivos -- Time elapsed: 0.003 s <<< ERROR!
java.lang.RuntimeException: Erro ao verificar duplicidade: [SQLITE_ERROR] SQL error or missing database (no such table: contas)
	at com.controlefinanceiro@1.0.0/repository.ContaRepository.verificarDuplicado(ContaRepository.java:76)
	at com.controlefinanceiro@1.0.0/repository.ContaRepository.salvar(ContaRepository.java:13)
	at com.controlefinanceiro@1.0.0/repository.LancamentoFixoRepositoryTest.setUp(LancamentoFixoRepositoryTest.java:21)
	at java.base/java.lang.reflect.Method.invoke(Method.java:577)
	at java.base/java.util.ArrayList.forEach(ArrayList.java:1511)
	at java.base/java.util.ArrayList.forEach(ArrayList.java:1511)
Caused by: org.sqlite.SQLiteException: [SQLITE_ERROR] SQL error or missing database (no such table: contas)
	at org.xerial.sqlitejdbc@3.47.1.0/org.sqlite.core.DB.newSQLException(DB.java:1179)
	at org.xerial.sqlitejdbc@3.47.1.0/org.sqlite.core.DB.newSQLException(DB.java:1190)
	at org.xerial.sqlitejdbc@3.47.1.0/org.sqlite.core.DB.throwex(DB.java:1150)
	at org.xerial.sqlitejdbc@3.47.1.0/org.sqlite.core.NativeDB.prepare_utf8(Native Method)
	at org.xerial.sqlitejdbc@3.47.1.0/org.sqlite.core.NativeDB.prepare(NativeDB.java:135)
	at org.xerial.sqlitejdbc@3.47.1.0/org.sqlite.core.DB.prepare(DB.java:264)
	at org.xerial.sqlitejdbc@3.47.1.0/org.sqlite.core.CorePreparedStatement.<init>(CorePreparedStatement.java:46)
	at org.xerial.sqlitejdbc@3.47.1.0/org.sqlite.jdbc3.JDBC3PreparedStatement.<init>(JDBC3PreparedStatement.java:32)
	at org.xerial.sqlitejdbc@3.47.1.0/org.sqlite.jdbc4.JDBC4PreparedStatement.<init>(JDBC4PreparedStatement.java:25)
	at org.xerial.sqlitejdbc@3.47.1.0/org.sqlite.jdbc4.JDBC4Connection.prepareStatement(JDBC4Connection.java:34)
	at org.xerial.sqlitejdbc@3.47.1.0/org.sqlite.jdbc3.JDBC3Connection.prepareStatement(JDBC3Connection.java:225)
	at org.xerial.sqlitejdbc@3.47.1.0/org.sqlite.jdbc3.JDBC3Connection.prepareStatement(JDBC3Connection.java:205)
	at com.controlefinanceiro@1.0.0/repository.ContaRepository.verificarDuplicado(ContaRepository.java:67)
	... 5 more

repository.LancamentoFixoRepositoryTest.deveAlternarAtivo -- Time elapsed: 0.002 s <<< ERROR!
java.lang.RuntimeException: Erro ao verificar duplicidade: [SQLITE_ERROR] SQL error or missing database (no such table: contas)
	at com.controlefinanceiro@1.0.0/repository.ContaRepository.verificarDuplicado(ContaRepository.java:76)
	at com.controlefinanceiro@1.0.0/repository.ContaRepository.salvar(ContaRepository.java:13)
	at com.controlefinanceiro@1.0.0/repository.LancamentoFixoRepositoryTest.setUp(LancamentoFixoRepositoryTest.java:21)
	at java.base/java.lang.reflect.Method.invoke(Method.java:577)
	at java.base/java.util.ArrayList.forEach(ArrayList.java:1511)
	at java.base/java.util.ArrayList.forEach(ArrayList.java:1511)
Caused by: org.sqlite.SQLiteException: [SQLITE_ERROR] SQL error or missing database (no such table: contas)
	at org.xerial.sqlitejdbc@3.47.1.0/org.sqlite.core.DB.newSQLException(DB.java:1179)
	at org.xerial.sqlitejdbc@3.47.1.0/org.sqlite.core.DB.newSQLException(DB.java:1190)
	at org.xerial.sqlitejdbc@3.47.1.0/org.sqlite.core.DB.throwex(DB.java:1150)
	at org.xerial.sqlitejdbc@3.47.1.0/org.sqlite.core.NativeDB.prepare_utf8(Native Method)
	at org.xerial.sqlitejdbc@3.47.1.0/org.sqlite.core.NativeDB.prepare(NativeDB.java:135)
	at org.xerial.sqlitejdbc@3.47.1.0/org.sqlite.core.DB.prepare(DB.java:264)
	at org.xerial.sqlitejdbc@3.47.1.0/org.sqlite.core.CorePreparedStatement.<init>(CorePreparedStatement.java:46)
	at org.xerial.sqlitejdbc@3.47.1.0/org.sqlite.jdbc3.JDBC3PreparedStatement.<init>(JDBC3PreparedStatement.java:32)
	at org.xerial.sqlitejdbc@3.47.1.0/org.sqlite.jdbc4.JDBC4PreparedStatement.<init>(JDBC4PreparedStatement.java:25)
	at org.xerial.sqlitejdbc@3.47.1.0/org.sqlite.jdbc4.JDBC4Connection.prepareStatement(JDBC4Connection.java:34)
	at org.xerial.sqlitejdbc@3.47.1.0/org.sqlite.jdbc3.JDBC3Connection.prepareStatement(JDBC3Connection.java:225)
	at org.xerial.sqlitejdbc@3.47.1.0/org.sqlite.jdbc3.JDBC3Connection.prepareStatement(JDBC3Connection.java:205)
	at com.controlefinanceiro@1.0.0/repository.ContaRepository.verificarDuplicado(ContaRepository.java:67)
	... 5 more

repository.LancamentoFixoRepositoryTest.naoDeveAplicarDuasVezesNoMesmoMes -- Time elapsed: 0.003 s <<< ERROR!
java.lang.RuntimeException: Erro ao verificar duplicidade: [SQLITE_ERROR] SQL error or missing database (no such table: contas)
	at com.controlefinanceiro@1.0.0/repository.ContaRepository.verificarDuplicado(ContaRepository.java:76)
	at com.controlefinanceiro@1.0.0/repository.ContaRepository.salvar(ContaRepository.java:13)
	at com.controlefinanceiro@1.0.0/repository.LancamentoFixoRepositoryTest.setUp(LancamentoFixoRepositoryTest.java:21)
	at java.base/java.lang.reflect.Method.invoke(Method.java:577)
	at java.base/java.util.ArrayList.forEach(ArrayList.java:1511)
	at java.base/java.util.ArrayList.forEach(ArrayList.java:1511)
Caused by: org.sqlite.SQLiteException: [SQLITE_ERROR] SQL error or missing database (no such table: contas)
	at org.xerial.sqlitejdbc@3.47.1.0/org.sqlite.core.DB.newSQLException(DB.java:1179)
	at org.xerial.sqlitejdbc@3.47.1.0/org.sqlite.core.DB.newSQLException(DB.java:1190)
	at org.xerial.sqlitejdbc@3.47.1.0/org.sqlite.core.DB.throwex(DB.java:1150)
	at org.xerial.sqlitejdbc@3.47.1.0/org.sqlite.core.NativeDB.prepare_utf8(Native Method)
	at org.xerial.sqlitejdbc@3.47.1.0/org.sqlite.core.NativeDB.prepare(NativeDB.java:135)
	at org.xerial.sqlitejdbc@3.47.1.0/org.sqlite.core.DB.prepare(DB.java:264)
	at org.xerial.sqlitejdbc@3.47.1.0/org.sqlite.core.CorePreparedStatement.<init>(CorePreparedStatement.java:46)
	at org.xerial.sqlitejdbc@3.47.1.0/org.sqlite.jdbc3.JDBC3PreparedStatement.<init>(JDBC3PreparedStatement.java:32)
	at org.xerial.sqlitejdbc@3.47.1.0/org.sqlite.jdbc4.JDBC4PreparedStatement.<init>(JDBC4PreparedStatement.java:25)
	at org.xerial.sqlitejdbc@3.47.1.0/org.sqlite.jdbc4.JDBC4Connection.prepareStatement(JDBC4Connection.java:34)
	at org.xerial.sqlitejdbc@3.47.1.0/org.sqlite.jdbc3.JDBC3Connection.prepareStatement(JDBC3Connection.java:225)
	at org.xerial.sqlitejdbc@3.47.1.0/org.sqlite.jdbc3.JDBC3Connection.prepareStatement(JDBC3Connection.java:205)
	at com.controlefinanceiro@1.0.0/repository.ContaRepository.verificarDuplicado(ContaRepository.java:67)
	... 5 more

repository.LancamentoFixoRepositoryTest.deveAtualizar -- Time elapsed: 0.003 s <<< ERROR!
java.lang.RuntimeException: Erro ao verificar duplicidade: [SQLITE_ERROR] SQL error or missing database (no such table: contas)
	at com.controlefinanceiro@1.0.0/repository.ContaRepository.verificarDuplicado(ContaRepository.java:76)
	at com.controlefinanceiro@1.0.0/repository.ContaRepository.salvar(ContaRepository.java:13)
	at com.controlefinanceiro@1.0.0/repository.LancamentoFixoRepositoryTest.setUp(LancamentoFixoRepositoryTest.java:21)
	at java.base/java.lang.reflect.Method.invoke(Method.java:577)
	at java.base/java.util.ArrayList.forEach(ArrayList.java:1511)
	at java.base/java.util.ArrayList.forEach(ArrayList.java:1511)
Caused by: org.sqlite.SQLiteException: [SQLITE_ERROR] SQL error or missing database (no such table: contas)
	at org.xerial.sqlitejdbc@3.47.1.0/org.sqlite.core.DB.newSQLException(DB.java:1179)
	at org.xerial.sqlitejdbc@3.47.1.0/org.sqlite.core.DB.newSQLException(DB.java:1190)
	at org.xerial.sqlitejdbc@3.47.1.0/org.sqlite.core.DB.throwex(DB.java:1150)
	at org.xerial.sqlitejdbc@3.47.1.0/org.sqlite.core.NativeDB.prepare_utf8(Native Method)
	at org.xerial.sqlitejdbc@3.47.1.0/org.sqlite.core.NativeDB.prepare(NativeDB.java:135)
	at org.xerial.sqlitejdbc@3.47.1.0/org.sqlite.core.DB.prepare(DB.java:264)
	at org.xerial.sqlitejdbc@3.47.1.0/org.sqlite.core.CorePreparedStatement.<init>(CorePreparedStatement.java:46)
	at org.xerial.sqlitejdbc@3.47.1.0/org.sqlite.jdbc3.JDBC3PreparedStatement.<init>(JDBC3PreparedStatement.java:32)
	at org.xerial.sqlitejdbc@3.47.1.0/org.sqlite.jdbc4.JDBC4PreparedStatement.<init>(JDBC4PreparedStatement.java:25)
	at org.xerial.sqlitejdbc@3.47.1.0/org.sqlite.jdbc4.JDBC4Connection.prepareStatement(JDBC4Connection.java:34)
	at org.xerial.sqlitejdbc@3.47.1.0/org.sqlite.jdbc3.JDBC3Connection.prepareStatement(JDBC3Connection.java:225)
	at org.xerial.sqlitejdbc@3.47.1.0/org.sqlite.jdbc3.JDBC3Connection.prepareStatement(JDBC3Connection.java:205)
	at com.controlefinanceiro@1.0.0/repository.ContaRepository.verificarDuplicado(ContaRepository.java:67)
	... 5 more

repository.LancamentoFixoRepositoryTest.deveExcluirComAplicacoes -- Time elapsed: 0.005 s <<< ERROR!
java.lang.RuntimeException: Erro ao verificar duplicidade: [SQLITE_ERROR] SQL error or missing database (no such table: contas)
	at com.controlefinanceiro@1.0.0/repository.ContaRepository.verificarDuplicado(ContaRepository.java:76)
	at com.controlefinanceiro@1.0.0/repository.ContaRepository.salvar(ContaRepository.java:13)
	at com.controlefinanceiro@1.0.0/repository.LancamentoFixoRepositoryTest.setUp(LancamentoFixoRepositoryTest.java:21)
	at java.base/java.lang.reflect.Method.invoke(Method.java:577)
	at java.base/java.util.ArrayList.forEach(ArrayList.java:1511)
	at java.base/java.util.ArrayList.forEach(ArrayList.java:1511)
Caused by: org.sqlite.SQLiteException: [SQLITE_ERROR] SQL error or missing database (no such table: contas)
	at org.xerial.sqlitejdbc@3.47.1.0/org.sqlite.core.DB.newSQLException(DB.java:1179)
	at org.xerial.sqlitejdbc@3.47.1.0/org.sqlite.core.DB.newSQLException(DB.java:1190)
	at org.xerial.sqlitejdbc@3.47.1.0/org.sqlite.core.DB.throwex(DB.java:1150)
	at org.xerial.sqlitejdbc@3.47.1.0/org.sqlite.core.NativeDB.prepare_utf8(Native Method)
	at org.xerial.sqlitejdbc@3.47.1.0/org.sqlite.core.NativeDB.prepare(NativeDB.java:135)
	at org.xerial.sqlitejdbc@3.47.1.0/org.sqlite.core.DB.prepare(DB.java:264)
	at org.xerial.sqlitejdbc@3.47.1.0/org.sqlite.core.CorePreparedStatement.<init>(CorePreparedStatement.java:46)
	at org.xerial.sqlitejdbc@3.47.1.0/org.sqlite.jdbc3.JDBC3PreparedStatement.<init>(JDBC3PreparedStatement.java:32)
	at org.xerial.sqlitejdbc@3.47.1.0/org.sqlite.jdbc4.JDBC4PreparedStatement.<init>(JDBC4PreparedStatement.java:25)
	at org.xerial.sqlitejdbc@3.47.1.0/org.sqlite.jdbc4.JDBC4Connection.prepareStatement(JDBC4Connection.java:34)
	at org.xerial.sqlitejdbc@3.47.1.0/org.sqlite.jdbc3.JDBC3Connection.prepareStatement(JDBC3Connection.java:225)
	at org.xerial.sqlitejdbc@3.47.1.0/org.sqlite.jdbc3.JDBC3Connection.prepareStatement(JDBC3Connection.java:205)
	at com.controlefinanceiro@1.0.0/repository.ContaRepository.verificarDuplicado(ContaRepository.java:67)
	... 5 more

