<?xml version="1.0" encoding="UTF-8"?>
<testsuite xmlns:xsi="http://www.w3.org/2001/XMLSchema-instance" xsi:noNamespaceSchemaLocation="https://maven.apache.org/surefire/maven-surefire-plugin/xsd/surefire-test-report-3.0.xsd" version="3.0" name="repository.ReceitaRepositoryTest" time="0.018" tests="5" errors="5" skipped="0" failures="0">
  <properties>
[...]
</properties>
  <testcase name="deveSalvarEListar" classname="repository.ReceitaRepositoryTest" time="0.004">
    <error message="Erro ao verificar duplicidade: [SQLITE_ERROR] SQL error or missing database (no such table: contas)" type="java.lang.RuntimeException"><![CDATA[java.lang.RuntimeException: Erro ao verificar duplicidade: [SQLITE_ERROR] SQL error or missing database (no such table: contas)
	at com.controlefinanceiro@1.0.0/repository.ContaRepository.verificarDuplicado(ContaRepository.java:76)
	at com.controlefinanceiro@1.0.0/repository.ContaRepository.salvar(ContaRepository.java:13)
	at com.controlefinanceiro@1.0.0/repository.ReceitaRepositoryTest.setUp(ReceitaRepositoryTest.java:23)
	at java.base/java.lang.reflect.Method.invoke(Method.java:577)
	at java.base/java.util.ArrayList.forEach(ArrayList.java:1511)
	at java.base/java.util.ArrayList.forEach(ArrayList.java:1511)
Caused by: org.sqlite.SQLiteException: [SQLITE_ERROR] SQL error or missing database (no such table: contas)
	at org.xerial.sqlitejdbc@3.47.1.0/org.sqlite.core.DB.newSQLException(DB.java:1179)
	at org.xerial.sqlitejdbc@3.47.1.0/org.sqlite.core.DB.newSQLException(DB.java:1190)
	at org.xerial.sqlitejdbc@3.47.1.0/org.sqlite.core.DB.throwex(DB.java:1150)
	at org.xerial.sqlitejdbc@3.47.1.0/org.sqlite.core.NativeDB.prepare_utf8(Native Method)
	at org.xerial.sqlitejdbc@3.47.1.0/org.sqlite.core.NativeDB.prepare(NativeDB.java:135)
	at org.xerial.sqlitejdbc@3.47.1.0/org.sqlite.core.DB.prepare(DB.java:264)
	at org.xerial.sqlitejdbc@3.47.1.0/org.sqlite.core.CorePreparedStatement.<init>(CorePreparedStatement.java:46)
	at org.xerial.sqlitejdbc@3.47.1.0/org.sqlite.jdbc3.JDBC3PreparedStatement.<init>(JDBC3PreparedStatement.java:32)
	at org.xerial.sqlitejdbc@3.47.1.0/org.sqlite.jdbc4.JDBC4PreparedStatement.<init>(JDBC4PreparedStatement.java:25)
	at org.xerial.sqlitejdbc@3.47.1.0/org.sqlite.jdbc4.JDBC4Connection.prepareStatement(JDBC4Connection.java:34)
	at org.xerial.sqlitejdbc@3.47.1.0/org.sqlite.jdbc3.JDBC3Connection.prepareStatement(JDBC3Connection.java:225)
	at org.xerial.sqlitejdbc@3.47.1.0/org.sqlite.jdbc3.JDBC3Connection.prepareStatement(JDBC3Connection.java:205)
	at com.controlefinanceiro@1.0.0/repository.ContaRepository.verificarDuplicado(ContaRepository.java:67)
	... 5 more
]]></error>
    <system-out><![CDATA[=== SETUP ===
Banco inicializado
]]></system-out>
  </testcase>
  <testcase name="deveListarPorAno" classname="repository.ReceitaRepositoryTest" time="0.002">
    <error message="Erro ao verificar duplicidade: [SQLITE_ERROR] SQL error or missing database (no such table: contas)" type="java.lang.RuntimeException"><![CDATA[java.lang.RuntimeException: Erro ao verificar duplicidade: [SQLITE_ERROR] SQL error or missing database (no such table: contas)
	at com.controlefinanceiro@1.0.0/repository.ContaRepository.verificarDuplicado(ContaRepository.java:76)
	at com.controlefinanceiro@1.0.0/repository.ContaRepository.salvar(ContaRepository.java:13)
	at com.controlefinanceiro@1.0.0/repository.ReceitaRepositoryTest.setUp(ReceitaRepositoryTest.java:23)
	at java.base/java.lang.reflect.Method.invoke(Method.java:577)
	at java.base/java.util.ArrayList.forEach(ArrayList.java:1511)
	at java.base/java.util.ArrayList.forEach(ArrayList.java:1511)
Caused by: org.sqlite.SQLiteException: [SQLITE_ERROR] SQL error or missing database (no such table: contas)
	at org.xerial.sqlitejdbc@3.47.1.0/org.sqlite.core.DB.newSQLException(DB.java:1179)
	at org.xerial.sqlitejdbc@3.47.1.0/org.sqlite.core.DB.newSQLException(DB.java:1190)
	at org.xerial.sqlitejdbc@3.47.1.0/org.sqlite.core.DB.throwex(DB.java:1150)
	at org.xerial.sqlitejdbc@3.47.1.0/org.sqlite.core.NativeDB.prepare_utf8(Native Method)
	at org.xerial.sqlitejdbc@3.47.1.0/org.sqlite.core.NativeDB.prepare(NativeDB.java:135)
	at org.xerial.sqlitejdbc@3.47.1.0/org.sqlite.core.DB.prepare(DB.java:264)
	at org.xerial.sqlitejdbc@3.47.1.0/org.sqlite.core.CorePreparedStatement.<init>(CorePreparedStatement.java:46)
	at org.xerial.sqlitejdbc@3.47.1.0/org.sqlite.jdbc3.JDBC3PreparedStatement.<init>(JDBC3PreparedStatement.java:32)
	at org.xerial.sqlitejdbc@3.47.1.0/org.sqlite.jdbc4.JDBC4PreparedStatement.<init>(JDBC4PreparedStatement.java:25)
	at org.xerial.sqlitejdbc@3.47.1.0/org.sqlite.jdbc4.JDBC4Connection.prepareStatement(JDBC4Connection.java:34)
	at org.xerial.sqlitejdbc@3.47.1.0/org.sqlite.jdbc3.JDBC3Connection.prepareStatement(JDBC3Connection.java:225)
	at org.xerial.sqlitejdbc@3.47.1.0/org.sqlite.jdbc3.JDBC3Connection.prepareStatement(JDBC3Connection.java:205)
	at com.controlefinanceiro@1.0.0/repository.ContaRepository.verificarDuplicado(ContaRepository.java:67)
	... 5 more
]]></error>
    <system-out><![CDATA[=== SETUP ===
Banco inicializado
]]></system-out>
  </testcase>
  <testcase name="deveAtualizar" classname="repository.ReceitaRepositoryTest" time="0.002">
    <error message="Erro ao verificar duplicidade: [SQLITE_ERROR] SQL error or missing database (no such table: contas)" type="java.lang.RuntimeException"><![CDATA[java.lang.RuntimeException: Erro ao verificar duplicidade: [SQLITE_ERROR] SQL error or missing database (no such table: contas)
	at com.controlefinanceiro@1.0.0/repository.ContaRepository.verificarDuplicado(ContaRepository.java:76)
	at com.controlefinanceiro@1.0.0/repository.ContaRepository.salvar(ContaRepository.java:13)
	at com.controlefinanceiro@1.0.0/repository.ReceitaRepositoryTest.setUp(ReceitaRepositoryTest.java:23)
	at java.base/java.lang.reflect.Method.invoke(Method.java:577)
	at java.base/java.util.ArrayList.forEach(ArrayList.java:1511)
	at java.base/java.util.ArrayList.forEach(ArrayList.java:1511)
Caused by: org.sqlite.SQLiteException: [SQLITE_ERROR] SQL error or missing database (no such table: contas)
	at org.xerial.sqlitejdbc@3.47.1.0/org.sqlite.core.DB.newSQLException(DB.java:1179)
	at org.xerial.sqlitejdbc@3.47.1.0/org.sqlite.core.DB.newSQLException(DB.java:1190)
	at org.xerial.sqlitejdbc@3.47.1.0/org.sqlite.core.DB.throwex(DB.java:1150)
	at org.xerial.sqlitejdbc@3.47.1.0/org.sqlite.core.NativeDB.prepare_utf8(Native Method)
	at org.xerial.sqlitejdbc@3.47.1.0/org.sqlite.core.NativeDB.prepare(NativeDB.java:135)
	at org.xerial.sqlitejdbc@3.47.1.0/org.sqlite.core.DB.prepare(DB.java:264)
	at org.xerial.sqlitejdbc@3.47.1.0/org.sqlite.core.CorePreparedStatement.<init>(CorePreparedStatement.java:46)
	at org.xerial.sqlitejdbc@3.47.1.0/org.sqlite.jdbc3.JDBC3PreparedStatement.<init>(JDBC3PreparedStatement.java:32)
	at org.xerial.sqlitejdbc@3.47.1.0/org.sqlite.jdbc4.JDBC4PreparedStatement.<init>(JDBC4PreparedStatement.java:25)
	at org.xerial.sqlitejdbc@3.47.1.0/org.sqlite.jdbc4.JDBC4Connection.prepareStatement(JDBC4Connection.java:34)
	at org.xerial.sqlitejdbc@3.47.1.0/org.sqlite.jdbc3.JDBC3Connection.prepareStatement(JDBC3Connection.java:225)
	at org.xerial.sqlitejdbc@3.47.1.0/org.sqlite.jdbc3.JDBC3Connection.prepareStatement(JDBC3Connection.java:205)
	at com.controlefinanceiro@1.0.0/repository.ContaRepository.verificarDuplicado(ContaRepository.java:67)
	... 5 more
]]></error>
    <system-out><![CDATA[=== SETUP ===
Banco inicializado
]]></system-out>
  </testcase>
  <testcase name="deveExcluir" classname="repository.ReceitaRepositoryTest" time="0.002">
    <error message="Erro ao verificar duplicidade: [SQLITE_ERROR] SQL error or missing database (no such table: contas)" type="java.lang.RuntimeException"><![CDATA[java.lang.RuntimeException: Erro ao verificar duplicidade: [SQLITE_ERROR] SQL error or missing database (no such table: contas)
	at com.controlefinanceiro@1.0.0/repository.ContaRepository.verificarDuplicado(ContaRepository.java:76)
	at com.controlefinanceiro@1.0.0/repository.ContaRepository.salvar(ContaRepository.java:13)
	at com.controlefinanceiro@1.0.0/repository.ReceitaRepositoryTest.setUp(ReceitaRepositoryTest.java:23)
	at java.base/java.lang.reflect.Method.invoke(Method.java:577)
	at java.base/java.util.ArrayList.forEach(ArrayList.java:1511)
	at java.base/java.util.ArrayList.forEach(ArrayList.java:1511)
Caused by: org.sqlite.SQLiteException: [SQLITE_ERROR] SQL error or missing database (no such table: contas)
	at org.xerial.sqlitejdbc@3.47.1.0/org.sqlite.core.DB.newSQLException(DB.java:1179)
	at org.xerial.sqlitejdbc@3.47.1.0/org.sqlite.core.DB.newSQLException(DB.java:1190)
	at org.xerial.sqlitejdbc@3.47.1.0/org.sqlite.core.DB.throwex(DB.java:1150)
	at org.xerial.sqlitejdbc@3.47.1.0/org.sqlite.core.NativeDB.prepare_utf8(Native Method)
	at org.xerial.sqlitejdbc@3.47.1.0/org.sqlite.core.NativeDB.prepare(NativeDB.java:135)
	at org.xerial.sqlitejdbc@3.47.1.0/org.sqlite.core.DB.prepare(DB.java:264)
	at org.xerial.sqlitejdbc@3.47.1.0/org.sqlite.core.CorePreparedStatement.<init>(CorePreparedStatement.java:46)
	at org.xerial.sqlitejdbc@3.47.1.0/org.sqlite.jdbc3.JDBC3PreparedStatement.<init>(JDBC3PreparedStatement.java:32)
	at org.xerial.sqlitejdbc@3.47.1.0/org.sqlite.jdbc4.JDBC4PreparedStatement.<init>(JDBC4PreparedStatement.java:25)
	at org.xerial.sqlitejdbc@3.47.1.0/org.sqlite.jdbc4.JDBC4Connection.prepareStatement(JDBC4Connection.java:34)
	at org.xerial.sqlitejdbc@3.47.1.0/org.sqlite.jdbc3.JDBC3Connection.prepareStatement(JDBC3Connection.java:225)
	at org.xerial.sqlitejdbc@3.47.1.0/org.sqlite.jdbc3.JDBC3Connection.prepareStatement(JDBC3Connection.java:205)
	at com.controlefinanceiro@1.0.0/repository.ContaRepository.verificarDuplicado(ContaRepository.java:67)
	... 5 more
]]></error>
    <system-out><![CDATA[=== SETUP ===
Banco inicializado
]]></system-out>
  </testcase>
  <testcase name="deveLancarErroAoExcluirIdInexistente" classname="repository.ReceitaRepositoryTest" time="0.003">
    <error message="Erro ao verificar duplicidade: [SQLITE_ERROR] SQL error or missing database (no such table: contas)" type="java.lang.RuntimeException"><![CDATA[java.lang.RuntimeException: Erro ao verificar duplicidade: [SQLITE_ERROR] SQL error or missing database (no such table: contas)
	at com.controlefinanceiro@1.0.0/repository.ContaRepository.verificarDuplicado(ContaRepository.java:76)
	at com.controlefinanceiro@1.0.0/repository.ContaRepository.salvar(ContaRepository.java:13)
	at com.controlefinanceiro@1.0.0/repository.ReceitaRepositoryTest.setUp(ReceitaRepositoryTest.java:23)
	at java.base/java.lang.reflect.Method.invoke(Method.java:577)
	at java.base/java.util.ArrayList.forEach(ArrayList.java:1511)
	at java.base/java.util.ArrayList.forEach(ArrayList.java:1511)
Caused by: org.sqlite.SQLiteException: [SQLITE_ERROR] SQL error or missing database (no such table: contas)
	at org.xerial.sqlitejdbc@3.47.1.0/org.sqlite.core.DB.newSQLException(DB.java:1179)
	at org.xerial.sqlitejdbc@3.47.1.0/org.sqlite.core.DB.newSQLException(DB.java:1190)
	at org.xerial.sqlitejdbc@3.47.1.0/org.sqlite.core.DB.throwex(DB.java:1150)
	at org.xerial.sqlitejdbc@3.47.1.0/org.sqlite.core.NativeDB.prepare_utf8(Native Method)
	at org.xerial.sqlitejdbc@3.47.1.0/org.sqlite.core.NativeDB.prepare(NativeDB.java:135)
	at org.xerial.sqlitejdbc@3.47.1.0/org.sqlite.core.DB.prepare(DB.java:264)
	at org.xerial.sqlitejdbc@3.47.1.0/org.sqlite.core.CorePreparedStatement.<init>(CorePreparedStatement.java:46)
	at org.xerial.sqlitejdbc@3.47.1.0/org.sqlite.jdbc3.JDBC3PreparedStatement.<init>(JDBC3PreparedStatement.java:32)
	at org.xerial.sqlitejdbc@3.47.1.0/org.sqlite.jdbc4.JDBC4PreparedStatement.<init>(JDBC4PreparedStatement.java:25)
	at org.xerial.sqlitejdbc@3.47.1.0/org.sqlite.jdbc4.JDBC4Connection.prepareStatement(JDBC4Connection.java:34)
	at org.xerial.sqlitejdbc@3.47.1.0/org.sqlite.jdbc3.JDBC3Connection.prepareStatement(JDBC3Connection.java:225)
	at org.xerial.sqlitejdbc@3.47.1.0/org.sqlite.jdbc3.JDBC3Connection.prepareStatement(JDBC3Connection.java:205)
	at com.controlefinanceiro@1.0.0/repository.ContaRepository.verificarDuplicado(ContaRepository.java:67)
	... 5 more
]]></error>
    <system-out><![CDATA[=== SETUP ===
Banco inicializado
]]></system-out>
  </testcase>
</testsuite>