<?xml version="1.0" encoding="UTF-8"?>
<testsuite xmlns:xsi="http://www.w3.org/2001/XMLSchema-instance" xsi:noNamespaceSchemaLocation="https://maven.apache.org/surefire/maven-surefire-plugin/xsd/surefire-test-report-3.0.xsd" version="3.0" name="repository.CategoriaRepositoryTest" time="0.295" tests="5" errors="4" skipped="0" failures="1">
  <properties>
[...]
</properties>
  <testcase name="deveSalvarEListarCategoria" classname="repository.CategoriaRepositoryTest" time="0.249">
    <error message="Erro ao verificar duplicidade: [SQLITE_ERROR] SQL error or missing database (no such table: categorias)" type="java.lang.RuntimeException"><![CDATA[java.lang.RuntimeException: Erro ao verificar duplicidade: [SQLITE_ERROR] SQL error or missing database (no such table: categorias)
	at com.controlefinanceiro@1.0.0/repository.CategoriaRepository.verificarDuplicado(CategoriaRepository.java:73)
	at com.controlefinanceiro@1.0.0/repository.CategoriaRepository.salvar(CategoriaRepository.java:13)
	at com.controlefinanceiro@1.0.0/repository.CategoriaRepositoryTest.deveSalvarEListarCategoria(CategoriaRepositoryTest.java:22)
	at java.base/java.lang.reflect.Method.invoke(Method.java:577)
	at java.base/java.util.ArrayList.forEach(ArrayList.java:1511)
	at java.base/java.util.ArrayList.forEach(ArrayList.java:1511)
Caused by: org.sqlite.SQLiteException: [SQLITE_ERROR] SQL error or missing database (no such table: categorias)
	at org.xerial.sqlitejdbc@3.47.1.0/org.sqlite.core.DB.newSQLException(DB.java:1179)
	at org.xerial.sqlitejdbc@3.47.1.0/org.sqlite.core.DB.newSQLException(DB.java:1190)
	at org.xerial.sqlitejdbc@3.47.1.0/org.sqlite.core.DB.throwex(DB.java:1150)
	at org.xerial.sqlitejdbc@3.47.1.0/org.sqlite.core.NativeDB.prepare_utf8(Native Method)
	at org.xerial.sqlitejdbc@3.47.1.0/org.sqlite.core.NativeDB.prepare(NativeDB.java:135)
	at org.xerial.sqlitejdbc@3.47.1.0/org.sqlite.core.DB.prepare(DB.java:264)
	at org.xerial.sqlitejdbc@3.47.1.0/org.sqlite.core.CorePreparedStatement.<init>(CorePreparedStatement.java:46)
	at org.xerial.sqlitejdbc@3.47.1.0/org.sqlite.jdbc3.JDBC3PreparedStatement.<init>(JDBC3PreparedStatement.java:32)
	at org.xerial.sqlitejdbc@3.47.1.0/org.sqlite.jdbc4.JDBC4PreparedStatement.<init>(JDBC4PreparedStatement.java:25)
	at org.xerial.sqlitejdbc@3.47.1.0/org.sqlite.jdbc4.JDBC4Connection.prepareStatement(JDBC4Connection.java:34)
	at org.xerial.sqlitejdbc@3.47.1.0/org.sqlite.jdbc3.JDBC3Connection.prepareStatement(JDBC3Connection.java:225)
	at org.xerial.sqlitejdbc@3.47.1.0/org.sqlite.jdbc3.JDBC3Connection.prepareStatement(JDBC3Connection.java:205)
	at com.controlefinanceiro@1.0.0/repository.CategoriaRepository.verificarDuplicado(CategoriaRepository.java:64)
	... 5 more
]]></error>
    <system-out><![CDATA[=== SETUP ===
Banco inicializado
]]></system-out>
  </testcase>
  <testcase name="deveConterCategoriasDefault" classname="repository.CategoriaRepositoryTest" time="0.004">
    <error message="Erro ao listar categorias: [SQLITE_ERROR] SQL error or missing database (no such table: categorias)" type="java.lang.RuntimeException"><![CDATA[java.lang.RuntimeException: Erro ao listar categorias: [SQLITE_ERROR] SQL error or missing database (no such table: categorias)
	at com.controlefinanceiro@1.0.0/repository.CategoriaRepository.listarTodos(CategoriaRepository.java:42)
	at com.controlefinanceiro@1.0.0/repository.CategoriaRepositoryTest.deveConterCategoriasDefault(CategoriaRepositoryTest.java:30)
	at java.base/java.lang.reflect.Method.invoke(Method.java:577)
	at java.base/java.util.ArrayList.forEach(ArrayList.java:1511)
	at java.base/java.util.ArrayList.forEach(ArrayList.java:1511)
Caused by: org.sqlite.SQLiteException: [SQLITE_ERROR] SQL error or missing database (no such table: categorias)
	at org.xerial.sqlitejdbc@3.47.1.0/org.sqlite.core.DB.newSQLException(DB.java:1179)
	at org.xerial.sqlitejdbc@3.47.1.0/org.sqlite.core.DB.newSQLException(DB.java:1190)
	at org.xerial.sqlitejdbc@3.47.1.0/org.sqlite.core.DB.throwex(DB.java:1150)
	at org.xerial.sqlitejdbc@3.47.1.0/org.sqlite.core.NativeDB.prepare_utf8(Native Method)
	at org.xerial.sqlitejdbc@3.47.1.0/org.sqlite.core.NativeDB.prepare(NativeDB.java:135)
	at org.xerial.sqlitejdbc@3.47.1.0/org.sqlite.core.DB.prepare(DB.java:264)
	at org.xerial.sqlitejdbc@3.47.1.0/org.sqlite.jdbc3.JDBC3Statement.lambda$executeQuery$1(JDBC3Statement.java:87)
	at org.xerial.sqlitejdbc@3.47.1.0/org.sqlite.jdbc3.JDBC3Statement.withConnectionTimeout(JDBC3Statement.java:458)
	at org.xerial.sqlitejdbc@3.47.1.0/org.sqlite.jdbc3.JDBC3Statement.executeQuery(JDBC3Statement.java:85)
	at com.controlefinanceiro@1.0.0/repository.CategoriaRepository.listarTodos(CategoriaRepository.java:39)
	... 4 more
]]></error>
    <system-out><![CDATA[=== SETUP ===
Banco inicializado
]]></system-out>
  </testcase>
  <testcase name="deveRejeitarDuplicadaCaseInsensitive" classname="repository.CategoriaRepositoryTest" time="0.009">
    <failure message="expected: &lt;true&gt; but was: &lt;false&gt;" type="org.opentest4j.AssertionFailedError"><![CDATA[org.opentest4j.AssertionFailedError: expected: <true> but was: <false>
	at org.junit.jupiter.api.AssertionFailureBuilder.build(AssertionFailureBuilder.java:151)
	at org.junit.jupiter.api.AssertionFailureBuilder.buildAndThrow(AssertionFailureBuilder.java:132)
	at org.junit.jupiter.api.AssertTrue.failNotTrue(AssertTrue.java:63)
	at org.junit.jupiter.api.AssertTrue.assertTrue(AssertTrue.java:36)
	at org.junit.jupiter.api.AssertTrue.assertTrue(AssertTrue.java:31)
	at org.junit.jupiter.api.Assertions.assertTrue(Assertions.java:183)
	at com.controlefinanceiro@1.0.0/repository.CategoriaRepositoryTest.deveRejeitarDuplicadaCaseInsensitive(CategoriaRepositoryTest.java:41)
	at java.base/java.lang.reflect.Method.invoke(Method.java:577)
	at java.base/java.util.ArrayList.forEach(ArrayList.java:1511)
	at java.base/java.util.ArrayList.forEach(ArrayList.java:1511)
]]></failure>
    <system-out><![CDATA[=== SETUP ===
Banco inicializado
]]></system-out>
  </testcase>
  <testcase name="deveAtualizarCategoria" classname="repository.CategoriaRepositoryTest" time="0.003">
    <error message="Erro ao verificar duplicidade: [SQLITE_ERROR] SQL error or missing database (no such table: categorias)" type="java.lang.RuntimeException"><![CDATA[java.lang.RuntimeException: Erro ao verificar duplicidade: [SQLITE_ERROR] SQL error or missing database (no such table: categorias)
	at com.controlefinanceiro@1.0.0/repository.CategoriaRepository.verificarDuplicado(CategoriaRepository.java:73)
	at com.controlefinanceiro@1.0.0/repository.CategoriaRepository.salvar(CategoriaRepository.java:13)
	at com.controlefinanceiro@1.0.0/repository.CategoriaRepositoryTest.deveAtualizarCategoria(CategoriaRepositoryTest.java:47)
	at java.base/java.lang.reflect.Method.invoke(Method.java:577)
	at java.base/java.util.ArrayList.forEach(ArrayList.java:1511)
	at java.base/java.util.ArrayList.forEach(ArrayList.java:1511)
Caused by: org.sqlite.SQLiteException: [SQLITE_ERROR] SQL error or missing database (no such table: categorias)
	at org.xerial.sqlitejdbc@3.47.1.0/org.sqlite.core.DB.newSQLException(DB.java:1179)
	at org.xerial.sqlitejdbc@3.47.1.0/org.sqlite.core.DB.newSQLException(DB.java:1190)
	at org.xerial.sqlitejdbc@3.47.1.0/org.sqlite.core.DB.throwex(DB.java:1150)
	at org.xerial.sqlitejdbc@3.47.1.0/org.sqlite.core.NativeDB.prepare_utf8(Native Method)
	at org.xerial.sqlitejdbc@3.47.1.0/org.sqlite.core.NativeDB.prepare(NativeDB.java:135)
	at org.xerial.sqlitejdbc@3.47.1.0/org.sqlite.core.DB.prepare(DB.java:264)
	at org.xerial.sqlitejdbc@3.47.1.0/org.sqlite.core.CorePreparedStatement.<init>(CorePreparedStatement.java:46)
	at org.xerial.sqlitejdbc@3.47.1.0/org.sqlite.jdbc3.JDBC3PreparedStatement.<init>(JDBC3PreparedStatement.java:32)
	at org.xerial.sqlitejdbc@3.47.1.0/org.sqlite.jdbc4.JDBC4PreparedStatement.<init>(JDBC4PreparedStatement.java:25)
	at org.xerial.sqlitejdbc@3.47.1.0/org.sqlite.jdbc4.JDBC4Connection.prepareStatement(JDBC4Connection.java:34)
	at org.xerial.sqlitejdbc@3.47.1.0/org.sqlite.jdbc3.JDBC3Connection.prepareStatement(JDBC3Connection.java:225)
	at org.xerial.sqlitejdbc@3.47.1.0/org.sqlite.jdbc3.JDBC3Connection.prepareStatement(JDBC3Connection.java:205)
	at com.controlefinanceiro@1.0.0/repository.CategoriaRepository.verificarDuplicado(CategoriaRepository.java:64)
	... 5 more
]]></error>
    <system-out><![CDATA[=== SETUP ===
Banco inicializado
]]></system-out>
  </testcase>
  <testcase name="deveExcluirCategoriaSeVinculada" classname="repository.CategoriaRepositoryTest" time="0.003">
    <error message="Erro ao verificar duplicidade: [SQLITE_ERROR] SQL error or missing database (no such table: categorias)" type="java.lang.RuntimeException"><![CDATA[java.lang.RuntimeException: Erro ao verificar duplicidade: [SQLITE_ERROR] SQL error or missing database (no such table: categorias)
	at com.controlefinanceiro@1.0.0/repository.CategoriaRepository.verificarDuplicado(CategoriaRepository.java:73)
	at com.controlefinanceiro@1.0.0/repository.CategoriaRepository.salvar(CategoriaRepository.java:13)
	at com.controlefinanceiro@1.0.0/repository.CategoriaRepositoryTest.deveExcluirCategoriaSeVinculada(CategoriaRepositoryTest.java:59)
	at java.base/java.lang.reflect.Method.invoke(Method.java:577)
	at java.base/java.util.ArrayList.forEach(ArrayList.java:1511)
	at java.base/java.util.ArrayList.forEach(ArrayList.java:1511)
Caused by: org.sqlite.SQLiteException: [SQLITE_ERROR] SQL error or missing database (no such table: categorias)
	at org.xerial.sqlitejdbc@3.47.1.0/org.sqlite.core.DB.newSQLException(DB.java:1179)
	at org.xerial.sqlitejdbc@3.47.1.0/org.sqlite.core.DB.newSQLException(DB.java:1190)
	at org.xerial.sqlitejdbc@3.47.1.0/org.sqlite.core.DB.throwex(DB.java:1150)
	at org.xerial.sqlitejdbc@3.47.1.0/org.sqlite.core.NativeDB.prepare_utf8(Native Method)
	at org.xerial.sqlitejdbc@3.47.1.0/org.sqlite.core.NativeDB.prepare(NativeDB.java:135)
	at org.xerial.sqlitejdbc@3.47.1.0/org.sqlite.core.DB.prepare(DB.java:264)
	at org.xerial.sqlitejdbc@3.47.1.0/org.sqlite.core.CorePreparedStatement.<init>(CorePreparedStatement.java:46)
	at org.xerial.sqlitejdbc@3.47.1.0/org.sqlite.jdbc3.JDBC3PreparedStatement.<init>(JDBC3PreparedStatement.java:32)
	at org.xerial.sqlitejdbc@3.47.1.0/org.sqlite.jdbc4.JDBC4PreparedStatement.<init>(JDBC4PreparedStatement.java:25)
	at org.xerial.sqlitejdbc@3.47.1.0/org.sqlite.jdbc4.JDBC4Connection.prepareStatement(JDBC4Connection.java:34)
	at org.xerial.sqlitejdbc@3.47.1.0/org.sqlite.jdbc3.JDBC3Connection.prepareStatement(JDBC3Connection.java:225)
	at org.xerial.sqlitejdbc@3.47.1.0/org.sqlite.jdbc3.JDBC3Connection.prepareStatement(JDBC3Connection.java:205)
	at com.controlefinanceiro@1.0.0/repository.CategoriaRepository.verificarDuplicado(CategoriaRepository.java:64)
	... 5 more
]]></error>
    <system-out><![CDATA[=== SETUP ===
Banco inicializado
]]></system-out>
  </testcase>
</testsuite>